{"name":"Wikipedia Search","id":"searching-wikipedia-for-a-specific-keyword-and;wikipedia-search","testSteps":[{"number":1,"description":"Given I Navigate to the wikipedai home page","duration":8199,"startTime":"2018-04-18T09:51:55.409+02:00[Africa/Harare]","screenshots":[{"screenshot":"c20f435eb6bff6684d25a6783e4f58194197bf2fce1e124ba4252f44db1c687e.png"}],"result":"SUCCESS","precondition":false,"children":[{"number":2,"description":"Aubrey opens the Wikipedia search page","duration":3837,"startTime":"2018-04-18T09:51:59.499+02:00[Africa/Harare]","screenshots":[{"screenshot":"eebe4e578a133ac4fb69b994ff601ae33ee8de3222d707d2aa0561447a86e83e.png"},{"screenshot":"c20f435eb6bff6684d25a6783e4f58194197bf2fce1e124ba4252f44db1c687e.png"}],"result":"SUCCESS","precondition":false}]},{"number":3,"description":"When I search the term Behaviour Driven Developmnet and enter","duration":6386,"startTime":"2018-04-18T09:52:03.609+02:00[Africa/Harare]","screenshots":[{"screenshot":"1adf4c51e3dd5efc91ab8835012a79e374cac7bb71497764323f15d3aa87af08.png"}],"exception":{"errorType":"net.thucydides.core.webdriver.exceptions.ElementShouldBeEnabledException","message":"The following error occurred: Expected enabled element was not enabled","stackTrace":[{"declaringClass":"serenity_ScreenPlay.tasks.Search","methodName":"performAs","fileName":"Search.java","lineNumber":25},{"declaringClass":"serenity_ScreenPlay.features.search.BDD_SearchStepDefinitions","methodName":"i_search_the_term_Behaviour_Driven_Developmnet_and_enter","fileName":"BDD_SearchStepDefinitions.java","lineNumber":41},{"declaringClass":"cucumber.runner.Runner","methodName":"runPickle","fileName":"Runner.java","lineNumber":80}],"rootCause":{"errorType":"org.openqa.selenium.TimeoutException","message":"Expected condition failed: waiting for By.xpath: search to be enabled (tried for 5 second(s) with 100 MILLISECONDS interval)","stackTrace":[{"declaringClass":"serenity_ScreenPlay.tasks.Search","methodName":"performAs","fileName":"Search.java","lineNumber":25},{"declaringClass":"serenity_ScreenPlay.features.search.BDD_SearchStepDefinitions","methodName":"i_search_the_term_Behaviour_Driven_Developmnet_and_enter","fileName":"BDD_SearchStepDefinitions.java","lineNumber":41},{"declaringClass":"cucumber.runner.Runner","methodName":"runPickle","fileName":"Runner.java","lineNumber":80}],"rootCause":{"errorType":"org.openqa.selenium.NoSuchElementException","message":"no such element: Unable to locate element: {\"method\":\"xpath\",\"selector\":\"search\"}\n  (Session info: chrome\u003d65.0.3325.181)\n  (Driver info: chromedriver\u003d2.37.544315 (730aa6a5fdba159ac9f4c1e8cbc59bf1b5ce12b7),platform\u003dWindows NT 10.0.16299 x86_64) (WARNING: The server did not provide any stacktrace information)\nCommand duration or timeout: 0 milliseconds\nFor documentation on this error, please visit: http://seleniumhq.org/exceptions/no_such_element.html\nBuild info: version: \u00273.7.1\u0027, revision: \u00278a0099a\u0027, time: \u00272017-11-06T21:01:39.354Z\u0027\nSystem info: host: \u0027DESKTOP-PMMGHGE\u0027, ip: \u002710.1.167.87\u0027, os.name: \u0027Windows 10\u0027, os.arch: \u0027amd64\u0027, os.version: \u002710.0\u0027, java.version: \u00271.8.0_161\u0027\nDriver info: org.openqa.selenium.chrome.ChromeDriver\nCapabilities {acceptInsecureCerts: false, acceptSslCerts: false, applicationCacheEnabled: false, browserConnectionEnabled: false, browserName: chrome, chrome: {chromedriverVersion: 2.37.544315 (730aa6a5fdba15..., userDataDir: C:\\Users\\skhum\\AppData\\Loca...}, cssSelectorsEnabled: true, databaseEnabled: false, handlesAlerts: true, hasTouchScreen: false, javascriptEnabled: true, locationContextEnabled: true, mobileEmulationEnabled: false, nativeEvents: true, networkConnectionEnabled: false, pageLoadStrategy: normal, platform: XP, platformName: XP, rotatable: false, setWindowRect: true, takesHeapSnapshot: true, takesScreenshot: true, unexpectedAlertBehaviour: , unhandledPromptBehavior: , version: 65.0.3325.181, webStorageEnabled: true}\nSession ID: 9b43f605fdd9c349215601ace7aa1751\n*** Element info: {Using\u003dxpath, value\u003dsearch}","stackTrace":[{"declaringClass":"serenity_ScreenPlay.tasks.Search","methodName":"performAs","fileName":"Search.java","lineNumber":25},{"declaringClass":"serenity_ScreenPlay.features.search.BDD_SearchStepDefinitions","methodName":"i_search_the_term_Behaviour_Driven_Developmnet_and_enter","fileName":"BDD_SearchStepDefinitions.java","lineNumber":41},{"declaringClass":"cucumber.runner.Runner","methodName":"runPickle","fileName":"Runner.java","lineNumber":80}]}}},"result":"FAILURE","precondition":false,"children":[{"number":4,"description":"Search for Behaviour Driven Development","duration":6072,"startTime":"2018-04-18T09:52:03.918+02:00[Africa/Harare]","screenshots":[{"screenshot":"1adf4c51e3dd5efc91ab8835012a79e374cac7bb71497764323f15d3aa87af08.png"}],"exception":{"errorType":"net.thucydides.core.webdriver.exceptions.ElementShouldBeEnabledException","message":"The following error occurred: Expected enabled element was not enabled","stackTrace":[{"declaringClass":"serenity_ScreenPlay.tasks.Search","methodName":"performAs","fileName":"Search.java","lineNumber":25},{"declaringClass":"serenity_ScreenPlay.features.search.BDD_SearchStepDefinitions","methodName":"i_search_the_term_Behaviour_Driven_Developmnet_and_enter","fileName":"BDD_SearchStepDefinitions.java","lineNumber":41},{"declaringClass":"cucumber.runner.Runner","methodName":"runPickle","fileName":"Runner.java","lineNumber":80}],"rootCause":{"errorType":"org.openqa.selenium.TimeoutException","message":"Expected condition failed: waiting for By.xpath: search to be enabled (tried for 5 second(s) with 100 MILLISECONDS interval)","stackTrace":[{"declaringClass":"serenity_ScreenPlay.tasks.Search","methodName":"performAs","fileName":"Search.java","lineNumber":25},{"declaringClass":"serenity_ScreenPlay.features.search.BDD_SearchStepDefinitions","methodName":"i_search_the_term_Behaviour_Driven_Developmnet_and_enter","fileName":"BDD_SearchStepDefinitions.java","lineNumber":41},{"declaringClass":"cucumber.runner.Runner","methodName":"runPickle","fileName":"Runner.java","lineNumber":80}],"rootCause":{"errorType":"org.openqa.selenium.NoSuchElementException","message":"no such element: Unable to locate element: {\"method\":\"xpath\",\"selector\":\"search\"}\n  (Session info: chrome\u003d65.0.3325.181)\n  (Driver info: chromedriver\u003d2.37.544315 (730aa6a5fdba159ac9f4c1e8cbc59bf1b5ce12b7),platform\u003dWindows NT 10.0.16299 x86_64) (WARNING: The server did not provide any stacktrace information)\nCommand duration or timeout: 0 milliseconds\nFor documentation on this error, please visit: http://seleniumhq.org/exceptions/no_such_element.html\nBuild info: version: \u00273.7.1\u0027, revision: \u00278a0099a\u0027, time: \u00272017-11-06T21:01:39.354Z\u0027\nSystem info: host: \u0027DESKTOP-PMMGHGE\u0027, ip: \u002710.1.167.87\u0027, os.name: \u0027Windows 10\u0027, os.arch: \u0027amd64\u0027, os.version: \u002710.0\u0027, java.version: \u00271.8.0_161\u0027\nDriver info: org.openqa.selenium.chrome.ChromeDriver\nCapabilities {acceptInsecureCerts: false, acceptSslCerts: false, applicationCacheEnabled: false, browserConnectionEnabled: false, browserName: chrome, chrome: {chromedriverVersion: 2.37.544315 (730aa6a5fdba15..., userDataDir: C:\\Users\\skhum\\AppData\\Loca...}, cssSelectorsEnabled: true, databaseEnabled: false, handlesAlerts: true, hasTouchScreen: false, javascriptEnabled: true, locationContextEnabled: true, mobileEmulationEnabled: false, nativeEvents: true, networkConnectionEnabled: false, pageLoadStrategy: normal, platform: XP, platformName: XP, rotatable: false, setWindowRect: true, takesHeapSnapshot: true, takesScreenshot: true, unexpectedAlertBehaviour: , unhandledPromptBehavior: , version: 65.0.3325.181, webStorageEnabled: true}\nSession ID: 9b43f605fdd9c349215601ace7aa1751\n*** Element info: {Using\u003dxpath, value\u003dsearch}","stackTrace":[{"declaringClass":"serenity_ScreenPlay.tasks.Search","methodName":"performAs","fileName":"Search.java","lineNumber":25},{"declaringClass":"serenity_ScreenPlay.features.search.BDD_SearchStepDefinitions","methodName":"i_search_the_term_Behaviour_Driven_Developmnet_and_enter","fileName":"BDD_SearchStepDefinitions.java","lineNumber":41},{"declaringClass":"cucumber.runner.Runner","methodName":"runPickle","fileName":"Runner.java","lineNumber":80}]}}},"result":"FAILURE","precondition":false,"children":[{"number":5,"description":"Aubrey enters \u0027Behaviour Driven Development\u0027 into search","duration":5734,"startTime":"2018-04-18T09:52:04.251+02:00[Africa/Harare]","screenshots":[{"screenshot":"c20f435eb6bff6684d25a6783e4f58194197bf2fce1e124ba4252f44db1c687e.png","htmlSource":"pagesource7214680073621791754.html.txt"}],"exception":{"errorType":"net.thucydides.core.webdriver.exceptions.ElementShouldBeEnabledException","message":"The following error occurred: Expected enabled element was not enabled","stackTrace":[{"declaringClass":"serenity_ScreenPlay.tasks.Search","methodName":"performAs","fileName":"Search.java","lineNumber":25},{"declaringClass":"serenity_ScreenPlay.features.search.BDD_SearchStepDefinitions","methodName":"i_search_the_term_Behaviour_Driven_Developmnet_and_enter","fileName":"BDD_SearchStepDefinitions.java","lineNumber":41},{"declaringClass":"cucumber.runner.Runner","methodName":"runPickle","fileName":"Runner.java","lineNumber":80}],"rootCause":{"errorType":"org.openqa.selenium.TimeoutException","message":"Expected condition failed: waiting for By.xpath: search to be enabled (tried for 5 second(s) with 100 MILLISECONDS interval)","stackTrace":[{"declaringClass":"serenity_ScreenPlay.tasks.Search","methodName":"performAs","fileName":"Search.java","lineNumber":25},{"declaringClass":"serenity_ScreenPlay.features.search.BDD_SearchStepDefinitions","methodName":"i_search_the_term_Behaviour_Driven_Developmnet_and_enter","fileName":"BDD_SearchStepDefinitions.java","lineNumber":41},{"declaringClass":"cucumber.runner.Runner","methodName":"runPickle","fileName":"Runner.java","lineNumber":80}],"rootCause":{"errorType":"org.openqa.selenium.NoSuchElementException","message":"no such element: Unable to locate element: {\"method\":\"xpath\",\"selector\":\"search\"}\n  (Session info: chrome\u003d65.0.3325.181)\n  (Driver info: chromedriver\u003d2.37.544315 (730aa6a5fdba159ac9f4c1e8cbc59bf1b5ce12b7),platform\u003dWindows NT 10.0.16299 x86_64) (WARNING: The server did not provide any stacktrace information)\nCommand duration or timeout: 0 milliseconds\nFor documentation on this error, please visit: http://seleniumhq.org/exceptions/no_such_element.html\nBuild info: version: \u00273.7.1\u0027, revision: \u00278a0099a\u0027, time: \u00272017-11-06T21:01:39.354Z\u0027\nSystem info: host: \u0027DESKTOP-PMMGHGE\u0027, ip: \u002710.1.167.87\u0027, os.name: \u0027Windows 10\u0027, os.arch: \u0027amd64\u0027, os.version: \u002710.0\u0027, java.version: \u00271.8.0_161\u0027\nDriver info: org.openqa.selenium.chrome.ChromeDriver\nCapabilities {acceptInsecureCerts: false, acceptSslCerts: false, applicationCacheEnabled: false, browserConnectionEnabled: false, browserName: chrome, chrome: {chromedriverVersion: 2.37.544315 (730aa6a5fdba15..., userDataDir: C:\\Users\\skhum\\AppData\\Loca...}, cssSelectorsEnabled: true, databaseEnabled: false, handlesAlerts: true, hasTouchScreen: false, javascriptEnabled: true, locationContextEnabled: true, mobileEmulationEnabled: false, nativeEvents: true, networkConnectionEnabled: false, pageLoadStrategy: normal, platform: XP, platformName: XP, rotatable: false, setWindowRect: true, takesHeapSnapshot: true, takesScreenshot: true, unexpectedAlertBehaviour: , unhandledPromptBehavior: , version: 65.0.3325.181, webStorageEnabled: true}\nSession ID: 9b43f605fdd9c349215601ace7aa1751\n*** Element info: {Using\u003dxpath, value\u003dsearch}","stackTrace":[{"declaringClass":"serenity_ScreenPlay.tasks.Search","methodName":"performAs","fileName":"Search.java","lineNumber":25},{"declaringClass":"serenity_ScreenPlay.features.search.BDD_SearchStepDefinitions","methodName":"i_search_the_term_Behaviour_Driven_Developmnet_and_enter","fileName":"BDD_SearchStepDefinitions.java","lineNumber":41},{"declaringClass":"cucumber.runner.Runner","methodName":"runPickle","fileName":"Runner.java","lineNumber":80}]}}},"result":"FAILURE","precondition":false}]}]}],"userStory":{"id":"searching-wikipedia-for-a-specific-keyword-and","storyName":"Searching Wikipedia for a specific keyword and","path":"src/test/resources/Features/BDD_Search.feature","narrative":"         confirming it\u0027s the right page","type":"feature"},"featureTag":{"name":"Features/Searching Wikipedia for a specific keyword and","type":"feature"},"title":"Wikipedia Search","tags":[{"name":"Searching wikipedia for a specific keyword and","type":"feature"}],"startTime":"2018-04-18T09:51:55.111+02:00[Africa/Harare]","duration":0,"testFailureCause":{"errorType":"net.thucydides.core.webdriver.exceptions.ElementShouldBeEnabledException","message":"The following error occurred: Expected enabled element was not enabled","stackTrace":[{"declaringClass":"serenity_ScreenPlay.tasks.Search","methodName":"performAs","fileName":"Search.java","lineNumber":25},{"declaringClass":"serenity_ScreenPlay.features.search.BDD_SearchStepDefinitions","methodName":"i_search_the_term_Behaviour_Driven_Developmnet_and_enter","fileName":"BDD_SearchStepDefinitions.java","lineNumber":41},{"declaringClass":"cucumber.runner.Runner","methodName":"runPickle","fileName":"Runner.java","lineNumber":80}],"rootCause":{"errorType":"org.openqa.selenium.TimeoutException","message":"Expected condition failed: waiting for By.xpath: search to be enabled (tried for 5 second(s) with 100 MILLISECONDS interval)","stackTrace":[{"declaringClass":"serenity_ScreenPlay.tasks.Search","methodName":"performAs","fileName":"Search.java","lineNumber":25},{"declaringClass":"serenity_ScreenPlay.features.search.BDD_SearchStepDefinitions","methodName":"i_search_the_term_Behaviour_Driven_Developmnet_and_enter","fileName":"BDD_SearchStepDefinitions.java","lineNumber":41},{"declaringClass":"cucumber.runner.Runner","methodName":"runPickle","fileName":"Runner.java","lineNumber":80}],"rootCause":{"errorType":"org.openqa.selenium.NoSuchElementException","message":"no such element: Unable to locate element: {\"method\":\"xpath\",\"selector\":\"search\"}\n  (Session info: chrome\u003d65.0.3325.181)\n  (Driver info: chromedriver\u003d2.37.544315 (730aa6a5fdba159ac9f4c1e8cbc59bf1b5ce12b7),platform\u003dWindows NT 10.0.16299 x86_64) (WARNING: The server did not provide any stacktrace information)\nCommand duration or timeout: 0 milliseconds\nFor documentation on this error, please visit: http://seleniumhq.org/exceptions/no_such_element.html\nBuild info: version: \u00273.7.1\u0027, revision: \u00278a0099a\u0027, time: \u00272017-11-06T21:01:39.354Z\u0027\nSystem info: host: \u0027DESKTOP-PMMGHGE\u0027, ip: \u002710.1.167.87\u0027, os.name: \u0027Windows 10\u0027, os.arch: \u0027amd64\u0027, os.version: \u002710.0\u0027, java.version: \u00271.8.0_161\u0027\nDriver info: org.openqa.selenium.chrome.ChromeDriver\nCapabilities {acceptInsecureCerts: false, acceptSslCerts: false, applicationCacheEnabled: false, browserConnectionEnabled: false, browserName: chrome, chrome: {chromedriverVersion: 2.37.544315 (730aa6a5fdba15..., userDataDir: C:\\Users\\skhum\\AppData\\Loca...}, cssSelectorsEnabled: true, databaseEnabled: false, handlesAlerts: true, hasTouchScreen: false, javascriptEnabled: true, locationContextEnabled: true, mobileEmulationEnabled: false, nativeEvents: true, networkConnectionEnabled: false, pageLoadStrategy: normal, platform: XP, platformName: XP, rotatable: false, setWindowRect: true, takesHeapSnapshot: true, takesScreenshot: true, unexpectedAlertBehaviour: , unhandledPromptBehavior: , version: 65.0.3325.181, webStorageEnabled: true}\nSession ID: 9b43f605fdd9c349215601ace7aa1751\n*** Element info: {Using\u003dxpath, value\u003dsearch}","stackTrace":[{"declaringClass":"serenity_ScreenPlay.tasks.Search","methodName":"performAs","fileName":"Search.java","lineNumber":25},{"declaringClass":"serenity_ScreenPlay.features.search.BDD_SearchStepDefinitions","methodName":"i_search_the_term_Behaviour_Driven_Developmnet_and_enter","fileName":"BDD_SearchStepDefinitions.java","lineNumber":41},{"declaringClass":"cucumber.runner.Runner","methodName":"runPickle","fileName":"Runner.java","lineNumber":80}]}}},"testFailureClassname":"net.thucydides.core.webdriver.exceptions.ElementShouldBeEnabledException","testFailureMessage":"The following error occurred: Expected enabled element was not enabled","testFailureSummary":"FAILURE;net.thucydides.core.webdriver.exceptions.ElementShouldBeEnabledException;The following error occurred: Expected enabled element was not enabled;Search.java","projectKey":"","annotatedResult":"FAILURE","manual":false,"testSource":"Cucumber","result":"FAILURE"}